0 info it worked if it ends with ok
1 verbose cli [ 'C:\\Program Files\\nodejs\\node.exe',
1 verbose cli   'C:\\Program Files\\nodejs\\node_modules\\npm\\bin\\npm-cli.js',
1 verbose cli   'install',
1 verbose cli   '-g',
1 verbose cli   'n' ]
2 info using npm@2.14.2
3 info using node@v4.0.0
4 verbose install initial load of C:\Users\luyating\AppData\Roaming\npm\package.json
5 verbose readDependencies loading dependencies from C:\Users\luyating\AppData\Roaming\npm\package.json
6 silly cache add args [ 'n', null ]
7 verbose cache add spec n
8 silly cache add parsed spec Result {
8 silly cache add   raw: 'n',
8 silly cache add   scope: null,
8 silly cache add   name: 'n',
8 silly cache add   rawSpec: '',
8 silly cache add   spec: '*',
8 silly cache add   type: 'range' }
9 silly addNamed n@*
10 verbose addNamed "*" is a valid semver range for n
11 silly addNameRange { name: 'n', range: '*', hasData: false }
12 silly mapToRegistry name n
13 silly mapToRegistry using default registry
14 silly mapToRegistry registry https://registry.npmjs.org/
15 silly mapToRegistry uri https://registry.npmjs.org/n
16 verbose addNameRange registry:https://registry.npmjs.org/n not in flight; fetching
17 verbose request uri https://registry.npmjs.org/n
18 verbose request no auth needed
19 info attempt registry request try #1 at 11:21:35 AM
20 verbose request id 6213e2f321f44908
21 verbose etag "4L7CF5ZWXLMK80HSPXTJA915V"
22 http request GET https://registry.npmjs.org/n
23 http 200 https://registry.npmjs.org/n
24 silly get cb [ 200,
24 silly get   { server: 'CouchDB/1.5.0 (Erlang OTP/R16B03)',
24 silly get     etag: '"6JUQ1GJIWTY39HDCTH4MWOYYG"',
24 silly get     'content-type': 'application/json',
24 silly get     'cache-control': 'max-age=60',
24 silly get     'content-length': '52349',
24 silly get     'accept-ranges': 'bytes',
24 silly get     date: 'Fri, 04 Dec 2015 03:21:48 GMT',
24 silly get     via: '1.1 varnish',
24 silly get     age: '41',
24 silly get     connection: 'keep-alive',
24 silly get     'x-served-by': 'cache-lax1420-LAX',
24 silly get     'x-cache': 'HIT',
24 silly get     'x-cache-hits': '1',
24 silly get     'x-timer': 'S1449199308.755880,VS0,VE1',
24 silly get     vary: 'Accept' } ]
25 verbose get saving n to C:\Users\luyating\AppData\Roaming\npm-cache\registry.npmjs.org\n\.cache.json
26 silly addNameRange number 2 { name: 'n', range: '*', hasData: true }
27 silly addNameRange versions [ 'n',
27 silly addNameRange   [ '0.0.1',
27 silly addNameRange     '0.0.2',
27 silly addNameRange     '0.0.3',
27 silly addNameRange     '0.0.4',
27 silly addNameRange     '0.1.0',
27 silly addNameRange     '0.1.1',
27 silly addNameRange     '0.1.2',
27 silly addNameRange     '0.2.0',
27 silly addNameRange     '0.2.1',
27 silly addNameRange     '0.2.2',
27 silly addNameRange     '0.3.0',
27 silly addNameRange     '0.4.0',
27 silly addNameRange     '0.4.1',
27 silly addNameRange     '0.4.2',
27 silly addNameRange     '0.5.0',
27 silly addNameRange     '0.5.1',
27 silly addNameRange     '0.5.2',
27 silly addNameRange     '0.5.3',
27 silly addNameRange     '0.5.4',
27 silly addNameRange     '0.6.0',
27 silly addNameRange     '0.6.1',
27 silly addNameRange     '0.7.0',
27 silly addNameRange     '0.7.1',
27 silly addNameRange     '0.7.2',
27 silly addNameRange     '0.7.3',
27 silly addNameRange     '0.8.0',
27 silly addNameRange     '0.8.1',
27 silly addNameRange     '0.8.2',
27 silly addNameRange     '0.9.0',
27 silly addNameRange     '0.9.1',
27 silly addNameRange     '0.9.2',
27 silly addNameRange     '0.9.3',
27 silly addNameRange     '1.0.0',
27 silly addNameRange     '1.1.0',
27 silly addNameRange     '1.2.1',
27 silly addNameRange     '1.2.2',
27 silly addNameRange     '1.2.3',
27 silly addNameRange     '1.2.4',
27 silly addNameRange     '1.2.5',
27 silly addNameRange     '1.2.6',
27 silly addNameRange     '1.2.7',
27 silly addNameRange     '1.2.8',
27 silly addNameRange     '1.2.9',
27 silly addNameRange     '1.2.11',
27 silly addNameRange     '1.2.13',
27 silly addNameRange     '1.2.14',
27 silly addNameRange     '1.3.0',
27 silly addNameRange     '1.4.0',
27 silly addNameRange     '2.0.0',
27 silly addNameRange     '1.4.1',
27 silly addNameRange     '2.0.1',
27 silly addNameRange     '1.4.2',
27 silly addNameRange     '2.0.2' ] ]
28 silly addNamed n@2.0.2
29 verbose addNamed "2.0.2" is a plain semver version for n
30 silly cache afterAdd n@2.0.2
31 verbose afterAdd C:\Users\luyating\AppData\Roaming\npm-cache\n\2.0.2\package\package.json not in flight; writing
32 verbose afterAdd C:\Users\luyating\AppData\Roaming\npm-cache\n\2.0.2\package\package.json written
33 silly install resolved [ { name: 'n',
33 silly install resolved     description: 'node version manager',
33 silly install resolved     version: '2.0.2',
33 silly install resolved     author: { name: 'TJ Holowaychuk', email: 'tj@vision-media.ca' },
33 silly install resolved     homepage: 'https://github.com/tj/n',
33 silly install resolved     bugs: { url: 'https://github.com/tj/n/issues' },
33 silly install resolved     contributors: [ [Object] ],
33 silly install resolved     keywords:
33 silly install resolved      [ 'nvm',
33 silly install resolved        'node',
33 silly install resolved        'version',
33 silly install resolved        'manager',
33 silly install resolved        'switcher',
33 silly install resolved        'node',
33 silly install resolved        'binary',
33 silly install resolved        'env' ],
33 silly install resolved     bin: { n: './bin/n' },
33 silly install resolved     repository: { type: 'git', url: 'git://github.com/tj/n.git' },
33 silly install resolved     preferGlobal: true,
33 silly install resolved     os: [ '!win32' ],
33 silly install resolved     engines: { node: '*' },
33 silly install resolved     license: 'MIT',
33 silly install resolved     gitHead: '7831e76a57429afc6341a583febb99469db4d1dc',
33 silly install resolved     _id: 'n@2.0.2',
33 silly install resolved     scripts: {},
33 silly install resolved     _shasum: '1d132d1e33c8687bae54313792626e7878bd5f57',
33 silly install resolved     _from: 'n@*',
33 silly install resolved     _npmVersion: '2.13.4',
33 silly install resolved     _nodeVersion: '0.12.7',
33 silly install resolved     _npmUser: { name: 'maxrimue', email: 'max.rittmueller@gmail.com' },
33 silly install resolved     dist:
33 silly install resolved      { shasum: '1d132d1e33c8687bae54313792626e7878bd5f57',
33 silly install resolved        tarball: 'http://registry.npmjs.org/n/-/n-2.0.2.tgz' },
33 silly install resolved     maintainers:
33 silly install resolved      [ [Object],
33 silly install resolved        [Object],
33 silly install resolved        [Object],
33 silly install resolved        [Object],
33 silly install resolved        [Object],
33 silly install resolved        [Object],
33 silly install resolved        [Object] ],
33 silly install resolved     directories: {},
33 silly install resolved     _resolved: 'https://registry.npmjs.org/n/-/n-2.0.2.tgz',
33 silly install resolved     readme: 'ERROR: No README data found!' } ]
34 info install n@2.0.2 into C:\Users\luyating\AppData\Roaming\npm
35 info installOne n@2.0.2
36 verbose installOne of n to C:\Users\luyating\AppData\Roaming\npm not in flight; installing
37 verbose lock using C:\Users\luyating\AppData\Roaming\npm-cache\_locks\n-198bba4f8b54ea7f.lock for C:\Users\luyating\AppData\Roaming\npm\node_modules\n
38 verbose unlock done using C:\Users\luyating\AppData\Roaming\npm-cache\_locks\n-198bba4f8b54ea7f.lock for C:\Users\luyating\AppData\Roaming\npm\node_modules\n
39 verbose stack Error: Unsupported
39 verbose stack     at checkPlatform (C:\Program Files\nodejs\node_modules\npm\node_modules\npm-install-checks\index.js:47:14)
39 verbose stack     at Array.<anonymous> (C:\Program Files\nodejs\node_modules\npm\node_modules\slide\lib\bind-actor.js:15:8)
39 verbose stack     at LOOP (C:\Program Files\nodejs\node_modules\npm\node_modules\slide\lib\chain.js:15:14)
39 verbose stack     at C:\Program Files\nodejs\node_modules\npm\node_modules\slide\lib\chain.js:18:7
39 verbose stack     at checkEngine (C:\Program Files\nodejs\node_modules\npm\node_modules\npm-install-checks\index.js:26:10)
39 verbose stack     at Array.<anonymous> (C:\Program Files\nodejs\node_modules\npm\node_modules\slide\lib\bind-actor.js:15:8)
39 verbose stack     at LOOP (C:\Program Files\nodejs\node_modules\npm\node_modules\slide\lib\chain.js:15:14)
39 verbose stack     at chain (C:\Program Files\nodejs\node_modules\npm\node_modules\slide\lib\chain.js:20:5)
39 verbose stack     at C:\Program Files\nodejs\node_modules\npm\lib\install.js:1038:5
39 verbose stack     at C:\Program Files\nodejs\node_modules\npm\lib\utils\locker.js:39:7
40 verbose pkgid n@2.0.2
41 verbose cwd E:\git\vcr\danmaku
42 error Windows_NT 6.1.7601
43 error argv "C:\\Program Files\\nodejs\\node.exe" "C:\\Program Files\\nodejs\\node_modules\\npm\\bin\\npm-cli.js" "install" "-g" "n"
44 error node v4.0.0
45 error npm  v2.14.2
46 error code EBADPLATFORM
47 error notsup Unsupported
47 error notsup Not compatible with your operating system or architecture: n@2.0.2
47 error notsup Valid OS:    !win32
47 error notsup Valid Arch:  any
47 error notsup Actual OS:   win32
47 error notsup Actual Arch: x64
48 verbose exit [ 1, true ]
